[Params]
	WndTitle   = Virtual MSX 1.1Beta Setup
	WndMess    = Initializing Setup ...
	TmpDirSize = 800
	TmpDirName = ~msx.tmp
	CmdLine    = _mstest msx.mst /C "/S %s %s"
	DrvModName = DSHELL

[Files]
	msx.ms_      = msx.mst
	setup.in_    = setup.inf
	setupapi.in_ = setupapi.inc
	msdetect.in_ = msdetect.inc
	mscomstf.dl_ = mscomstf.dll
	msinsstf.dl_ = msinsstf.dll
	msuilstf.dl_ = msuilstf.dll
	msshlstf.dl_ = msshlstf.dll
	mscuistf.dl_ = mscuistf.dll
	msdetstf.dl_ = msdetstf.dll
	ver.dl_      = ver.dll
	setuphlp.dl_ = setuphlp.dll
	_mstest.ex_  = _mstest.exe
	_mssetup.ex_ = _mssetup.exe
