Ver1.48
* Compiled with Allegro 4.0.
* Based on fMSX 2.6.
* Updated emu2413/2149.(in_msx021b_s)

Ver1.47
* Changed PSG emulation engine  to EMU2149.
* Compiled with EMU2413 0.51
* Compiled with Allegro 3.9.39.
* More accurate sound.
* Added -logsound option. Removed -logfm option.

Ver1.46
* Compiled with Allegro 3.9.37.
* fMSX 2.5 based.(State save/load don't work yet)
* Changed some key assigns.(See Manual.txt)
* Used emu2413 v0.50 for YM2413 emulation.

Ver1.45
* Compiled with Allegro 3.9.35.
* May be a little speed up Screen 4 Renderer.
* Changed a little of Sound routine.
* Implemented 15bit color support.(use only when 16bit is not supported.)
* Fixed VDP#18 Render bug.

Ver1.44
・魔導物語の女の子やエレノア･ワイゼンが一応しゃべるようになった
・そのかわり音質は悪くなったかもしれない
・Allegroを3.9.34にした。それに伴ういくつかの変更
・OPLLエミュレートルーチンをEMU2413にした（2413tone.binはもう使わない）
・-soundcardオプションとコンフィグのsoundcard追加
・描画色の作成にはmakecol()を使うようにしたので、ビデオカードに依存しないはず

Ver1.43
・fMSX2.3ベースにした。
・SCREEN1のスプライト修正
・SCREEN8のスプライトの色が修正されたかもしれない
・SCREEN0の背景にゴミが出るバグを修正
・GUIのディスク入れ替えで拡張子のフィルタが間違っていたのを修正

Ver1.42
・-nospriteと-joytypeが認識されないのを修正
・マウスを修正
・-logfmオプションを追加
・OPLLの音色データを外部ファイルから読むようにした。
・ROMをGUIで変更できるようにした。

Ver1.41
・SMSPlusのOPLLルーチンにした(PCM合成)。
・Allegroを3.9.33にした。
・ESCがエミュレート出来ていなかったのを修正
・PSGのルーチンをPowerMSX0.07ベース（基はMAME）にした。
・SCCのルーチンを修正
・PSGとSCCを16ビットにした。
・漢字変換が出来るようになった（要32kのKNJDRV.ROM)
・-nonoiseオプション廃止
・サンプリング周波数を指定できるようにした。

Ver1.4(Adlib)
・OPLLをAdlibで鳴らすようにした。

Ver1.4
・fMSX2.2ベースにした。
・少しＧＵＩに凝ってみた（けどあまり格好よくない）。
・SCREEN4の描画のバグを修正
・SCC,PSGの合成方法を少し変更
・OPLLをさらに修正(少なくともOPL2では鳴る)
・VPeriod,HPeriod オプションを復活
・TABキーが効いていなかったのを修正

Ver1.31
・VDP#18のY方向に対応
・GUIでドライブAのディスクイメージの切り替えに対応
・SCCとPSGを一緒に画面描画時にミキシングするようにした。（重くなりました)
・SCREEN5のインターレースに対応
・OPLLを修正（できたかどうかは不明)
・マッパＲＡＭが動いていなかったのを修正
・Z80をPowerMSX0.07のソースから流用
・画面モードを指定できるようにした。

Ver1.3
・CFGのkanjibasが認識されていなかったバグを修正
・ROM読み込みメッセージを少し変更
・joytypeオプションの指定方法を変更
・ノイズの音を小さくした。
・ソースコードの構成を変更
・VRAM構成の変化に対応（F1-3DSPECIALのデモが正しく表示される）
・SCREEN5で画面の表示がおかしくなることがあったのを修正
・YM2413に対応したかもしれない（要OPL3。動作未確認）
・速度自動調整ルーチンを少し変更

Ver1.23
・MSX2+でしか起動できなくなっていたのを修正
・GUIを起動したときにノイズがなっていたのを修正
・Allegroを3.9.32にした。それにともなう対応ジョイパッドの増加
・カナキーが効かなくなっていたのを修正
・vperiod ,hperiod オプションを廃止
・HELPメッセージ修正
・OUTI/OUTR/INI/INIR/OUTD/OTDR/IND/INDRのS_FLAGが
  リセットされていたのを修正（MSX FANが動きます）
・SCREEN7のみインターレース対応
・LMCMでVRAMアドレスがずれていたのを修正
・スロット０の拡張スロットに対応

Ver1.22
・スピード自動調整を修正
・1ビットサウンドに対応（不完全）
・VDP#18に対応（X方向のみ）
・Allegroを3.9.31にした
・DJGPPを2.03にした
・gccを2.95.2にした
・GUIを搭載（一部機能のみ）
・fmsxfan.cfgでMSX2+を指定したときにVDPのIDが00010になって
  いなかったのを修正
・CPUのサイクルをより正確に近づけた。

Ver1.21
・スピードの自動調整に対応
・SCCを少し改善
・Allegroを3.9.30にした
・fmsxfan.cfgでオプションの一部を設定できるようにした。
・fmsxfan.cfgにmsxdos2のROM名を追加
・一部のジョイスティックが自動検出できていなかったのを修正
・-joytypeオプションを追加

Ver1.2
・周辺色の描画は、色が変わったときにだけ行うようにして高速化した
・COM1ポートをRS232Cとして使えるようにした（動作未確認）
・不都合が解決しそうなのでAllegroを3.9.26にした（重くなったかもしれない）
・テンキー対応 '.'はEnterで対応
・SELECTキー対応(PageUp)
・画面の描画を高速化（したかもしれない）
・起動時、ポーズ時の異音を消した。
・-nonoiseオプションを追加

Ver1.11
・ブリンクを修正
・SCREEN0の前景色と背景色を修正
・SCREEN8の周辺色を修正
・HMMV等でDY+NY,DX+NX,SY+NY,SX+NXがある値より大きくなったときに誤動作するバグ
を修正
・Allegro3.9.25だといくつか不都合があるようなので3.12に戻した
・画面モードを自動検出に戻した。作者のビデオカードは、Win上でなぜか速くなった
・-nospriteオプションを追加
・SCREEN4でのハードウェア横スクロールに対応（未確認)
・SCREEN10以降でのVDPコマンドに一部対応

Ver1.1
・SCCとPSGの合成チャンネルを別にして、PSGをタイマ呼び出しにした
・UNIX版2.1のソースコードを取り入れて、以下の修正が施された
        ・ディスクの交換がドライブ毎３２枚までに増加
        ・Rewritten V9938 graphical operations support. 
        ・Rewritten initialization sequence. 
        ・Improved real-time clock emulation. 
        ・Fixed a problem with color sprites (Zanac-Ex, Aleste). 
        ・Fixed problems with memory allocation. 
        ・Many small fixes to the code. 

Ver1.0（初公開）
・SCC書き直し
・PSG書き直し
・FMBIOSのスロットを0-2に変更
・RS232Cのスロットを3-3に変更
